Using pre-set license
Built from '2020.3/staging' branch; Version is '2020.3.5f1 (8095aa901b9b) revision 8426922'; Using compiler version '192528614'; Build Type 'Release'
OS: 'Windows 10 Home; OS build 19042.985; Version 2009; 64bit' Language: 'en' Physical Memory: 16222 MB
BatchMode: 1, IsHumanControllingUs: 0, StartBugReporterOnCrash: 0, Is64bit: 1, IsPro: 0

 COMMAND LINE ARGUMENTS:
C:\Program Files\Unity\Hub\Editor\2020.3.5f1\Editor\Unity.exe
-adb2
-batchMode
-noUpm
-name
AssetImportWorker0
-projectPath
C:/Users/damia/Documents/GitHub/CI536-Group-Project--CnF-MiniGame/CI536 Group Project- CnF MiniGame
-logFile
Logs/AssetImportWorker0.log
-srvPort
59466
Successfully changed project path to: C:/Users/damia/Documents/GitHub/CI536-Group-Project--CnF-MiniGame/CI536 Group Project- CnF MiniGame
C:/Users/damia/Documents/GitHub/CI536-Group-Project--CnF-MiniGame/CI536 Group Project- CnF MiniGame
Using Asset Import Pipeline V2.
Refreshing native plugins compatible for Editor in 29.51 ms, found 1 plugins.
Preloading 0 native plugins for Editor in 0.00 ms.
Initialize engine version: 2020.3.5f1 (8095aa901b9b)
[Subsystems] Discovering subsystems at path C:/Program Files/Unity/Hub/Editor/2020.3.5f1/Editor/Data/Resources/UnitySubsystems
[Subsystems] Discovering subsystems at path C:/Users/damia/Documents/GitHub/CI536-Group-Project--CnF-MiniGame/CI536 Group Project- CnF MiniGame/Assets
GfxDevice: creating device client; threaded=0
Direct3D:
    Version:  Direct3D 11.0 [level 11.1]
    Renderer: NVIDIA GeForce RTX 2060 (ID=0x1f15)
    Vendor:   
    VRAM:     5980 MB
    Driver:   27.21.14.6230
Initialize mono
Mono path[0] = 'C:/Program Files/Unity/Hub/Editor/2020.3.5f1/Editor/Data/Managed'
Mono path[1] = 'C:/Program Files/Unity/Hub/Editor/2020.3.5f1/Editor/Data/MonoBleedingEdge/lib/mono/unityjit'
Mono config path = 'C:/Program Files/Unity/Hub/Editor/2020.3.5f1/Editor/Data/MonoBleedingEdge/etc'
Using monoOptions --debugger-agent=transport=dt_socket,embedding=1,server=y,suspend=n,address=127.0.0.1:56424
Begin MonoManager ReloadAssembly
Registering precompiled unity dll's ...
Register platform support module: C:/Program Files/Unity/Hub/Editor/2020.3.5f1/Editor/Data/PlaybackEngines/WebGLSupport/UnityEditor.WebGL.Extensions.dll
Register platform support module: C:/Program Files/Unity/Hub/Editor/2020.3.5f1/Editor/Data/PlaybackEngines/MacStandaloneSupport/UnityEditor.OSXStandalone.Extensions.dll
Register platform support module: C:/Program Files/Unity/Hub/Editor/2020.3.5f1/Editor/Data/PlaybackEngines/WindowsStandaloneSupport/UnityEditor.WindowsStandalone.Extensions.dll
Register platform support module: C:/Program Files/Unity/Hub/Editor/2020.3.5f1/Editor/Data/PlaybackEngines/LinuxStandaloneSupport/UnityEditor.LinuxStandalone.Extensions.dll
Register platform support module: C:/Program Files/Unity/Hub/Editor/2020.3.5f1/Editor/Data/PlaybackEngines/LuminSupport/UnityEditor.Lumin.Extensions.dll
Registered in 0.003551 seconds.
Native extension for Lumin target not found
Native extension for LinuxStandalone target not found
Native extension for WindowsStandalone target not found
Native extension for OSXStandalone target not found
Native extension for WebGL target not found
Refreshing native plugins compatible for Editor in 31.15 ms, found 1 plugins.
Preloading 0 native plugins for Editor in 0.00 ms.
Mono: successfully reloaded assembly
- Completed reload, in  1.863 seconds
Platform modules already initialized, skipping
Registering precompiled user dll's ...
Registered in 0.001131 seconds.
Begin MonoManager ReloadAssembly
Native extension for Lumin target not found
Native extension for LinuxStandalone target not found
Native extension for WindowsStandalone target not found
Native extension for OSXStandalone target not found
Native extension for WebGL target not found
Refreshing native plugins compatible for Editor in 30.28 ms, found 1 plugins.
Preloading 0 native plugins for Editor in 0.00 ms.
Mono: successfully reloaded assembly
- Completed reload, in  0.810 seconds
Platform modules already initialized, skipping
========================================================================
Worker process is ready to serve import requests
Launched and connected shader compiler UnityShaderCompiler.exe after 0.04 seconds
Refreshing native plugins compatible for Editor in 0.30 ms, found 1 plugins.
Preloading 0 native plugins for Editor in 0.00 ms.
Unloading 1815 Unused Serialized files (Serialized files now loaded: 0)
System memory in use before: 85.9 MB.
System memory in use after: 85.8 MB.

Unloading 24 unused Assets to reduce memory usage. Loaded Objects now: 2259.
Total: 2.384900 ms (FindLiveObjects: 0.248700 ms CreateObjectMapping: 0.133900 ms MarkObjects: 1.816300 ms  DeleteObjects: 0.184800 ms)

========================================================================
Received Import Request.
  path: Assets/Scripts/ScoreManager.cs
  artifactKey: Guid(7b13f5e8553f7f640a3548113eb36eb4) Importer(815301076,1909f56bfc062723c751e8b465ee728b)
Start importing Assets/Scripts/ScoreManager.cs using Guid(7b13f5e8553f7f640a3548113eb36eb4) Importer(815301076,1909f56bfc062723c751e8b465ee728b)  -> (artifact id: '06380b1ff8d955bad7b01c33680cfb9e') in 0.023019 seconds
  Import took 0.034266 seconds .

========================================================================
Received Import Request.
  Time since last request: 0.014278 seconds.
  path: Assets/Scripts/CoagulantManager.cs
  artifactKey: Guid(bdff29cc082879348b34a69899c81145) Importer(815301076,1909f56bfc062723c751e8b465ee728b)
Start importing Assets/Scripts/CoagulantManager.cs using Guid(bdff29cc082879348b34a69899c81145) Importer(815301076,1909f56bfc062723c751e8b465ee728b)  -> (artifact id: '03661f2f64066cd62c69e8cb77c8910c') in 0.003513 seconds
  Import took 0.005923 seconds .

========================================================================
Received Import Request.
  Time since last request: 0.003362 seconds.
  path: Assets/Scripts/YouWinScreen.cs
  artifactKey: Guid(8da4179bb2fbe9243b6b25fb7c58a456) Importer(815301076,1909f56bfc062723c751e8b465ee728b)
Start importing Assets/Scripts/YouWinScreen.cs using Guid(8da4179bb2fbe9243b6b25fb7c58a456) Importer(815301076,1909f56bfc062723c751e8b465ee728b)  -> (artifact id: '57974677f897c1a284ce39d4f52b44c1') in 0.002704 seconds
  Import took 0.005090 seconds .

========================================================================
Received Import Request.
  Time since last request: 0.002866 seconds.
  path: Assets/Scenes/CnF MiniGame V4.unity
  artifactKey: Guid(29f720d747c01cb44b9fc27eec28c4cb) Importer(815301076,1909f56bfc062723c751e8b465ee728b)
Start importing Assets/Scenes/CnF MiniGame V4.unity using Guid(29f720d747c01cb44b9fc27eec28c4cb) Importer(815301076,1909f56bfc062723c751e8b465ee728b)  -> (artifact id: 'c5102edf2c8b65e07b9e23554d87d478') in 0.009501 seconds
  Import took 0.011828 seconds .

